INFO  [2013-12-02 19:31:09,851] com.yammer.dropwizard.cli.ServerCommand: Starting users
INFO  [2013-12-02 19:31:09,855] org.eclipse.jetty.server.Server: jetty-8.1.10.v20130312
INFO  [2013-12-02 19:31:09,956] com.sun.jersey.server.impl.application.WebApplicationImpl: Initiating Jersey application, version 'Jersey: 1.17.1 02/28/2013 12:47 PM'
INFO  [2013-12-02 19:31:10,122] com.yammer.dropwizard.config.Environment: The following paths were found for the configured resources:

    GET     /map/v1/events (edu.sjsu.cmpe.users.api.resources.EventResource)
    OPTIONS /map/v1/events (edu.sjsu.cmpe.users.api.resources.EventResource)
    POST    /map/v1/events (edu.sjsu.cmpe.users.api.resources.EventResource)
    GET     /map/v1/users (edu.sjsu.cmpe.users.api.resources.UserResource)
    GET     /map/v1/users/{sjsuId} (edu.sjsu.cmpe.users.api.resources.UserResource)
    OPTIONS /map/v1/users (edu.sjsu.cmpe.users.api.resources.UserResource)
    POST    /map/v1/users (edu.sjsu.cmpe.users.api.resources.UserResource)
    POST    /map/v1/users/message (edu.sjsu.cmpe.users.api.resources.UserResource)
    POST    /map/v1/users/{sjsuId} (edu.sjsu.cmpe.users.api.resources.UserResource)
    GET     /map/v1/loggedin (edu.sjsu.cmpe.users.api.resources.LoggedInUser)
    OPTIONS /map/v1/loggedin (edu.sjsu.cmpe.users.api.resources.LoggedInUser)
    POST    /map/v1/loggedin/{sjsuId} (edu.sjsu.cmpe.users.api.resources.LoggedInUser)

INFO  [2013-12-02 19:31:10,122] com.yammer.dropwizard.config.Environment: tasks = 

    POST    /tasks/gc (com.yammer.dropwizard.tasks.GarbageCollectionTask)

INFO  [2013-12-02 19:31:10,488] org.eclipse.jetty.server.AbstractConnector: Started InstrumentedBlockingChannelConnector@0.0.0.0:8080
WARN  [2013-12-02 19:31:10,489] org.eclipse.jetty.server.AbstractConnector: insufficient threads configured for SocketConnector@0.0.0.0:8081
INFO  [2013-12-02 19:31:10,489] org.eclipse.jetty.server.AbstractConnector: Started SocketConnector@0.0.0.0:8081
